<?xml version="1.0" encoding="UTF-8"?>
<testsuite xmlns:xsi="http://www.w3.org/2001/XMLSchema-instance" xsi:noNamespaceSchemaLocation="https://maven.apache.org/surefire/maven-surefire-plugin/xsd/surefire-test-report.xsd" name="com.ejemplo.CalculadoraDescuentosTest" time="0.052" tests="3" errors="0" skipped="0" failures="0">
  <properties>
[...]
</properties>
  <testcase name="testDescuentoPorcentaje10" classname="com.ejemplo.CalculadoraDescuentosTest" time="0.035"/>
  <testcase name="testDescuentoPorcentaje30" classname="com.ejemplo.CalculadoraDescuentosTest" time="0"/>
  <testcase name="testDescuentoPorcentaje200" classname="com.ejemplo.CalculadoraDescuentosTest" time="0"/>
</testsuite>